<?xml version="1.0" encoding="UTF-8"?>
<!-- Generated by org.testng.reporters.JUnitReportReporter -->
<testsuite hostname="Pert" failures="0" tests="2" name="testCase.AdvancedTestCase" time="5.824" errors="0" timestamp="2025-06-26T19:22:02 IST" skipped="0">
  <testcase classname="testCase.AdvancedTestCase" name="GetTextOverride" time="2.740"/>
  <testcase classname="testCase.AdvancedTestCase" name="validateUserNameSession" time="3.084"/>
</testsuite> <!-- testCase.AdvancedTestCase -->
