<?xml version="1.0" encoding="UTF-8"?>
<!-- Generated by org.testng.reporters.JUnitReportReporter -->
<testsuite hostname="Pert" failures="0" tests="3" name="testCase.LoginTest" time="10.552" errors="0" timestamp="2025-06-26T19:22:02 IST" skipped="0">
  <testcase classname="testCase.LoginTest" name="LoginTestCase_1" time="3.425"/>
  <testcase classname="testCase.LoginTest" name="verifyLocalStorageCheck" time="2.830"/>
  <testcase classname="testCase.LoginTest" name="LoginTestCase_2" time="4.297"/>
</testsuite> <!-- testCase.LoginTest -->
