<?xml version="1.0" encoding="UTF-8"?>
<!-- Generated by org.testng.reporters.JUnitReportReporter -->
<testsuite hostname="Pert" failures="0" tests="1" name="testCase.CartTest" time="13.811" errors="0" timestamp="2025-06-26T19:22:02 IST" skipped="0">
  <testcase classname="testCase.CartTest" name="AddToCartTestCase" time="13.811"/>
</testsuite> <!-- testCase.CartTest -->
