<?xml version="1.0" encoding="UTF-8"?>
<!-- Generated by org.testng.reporters.JUnitReportReporter -->
<testsuite hostname="Pert" failures="0" tests="2" name="testCase.LoginTest" time="8.545" errors="0" timestamp="2025-06-25T20:57:01 IST" skipped="0">
  <testcase classname="testCase.LoginTest" name="LoginTestCase_1" time="5.640"/>
  <testcase classname="testCase.LoginTest" name="LoginTestCase_2" time="2.905"/>
</testsuite> <!-- testCase.LoginTest -->
